<?xml version="1.0" encoding="UTF-8"?>
<!-- Generated by org.testng.reporters.JUnitReportReporter -->
<testsuite skipped="0" hostname="LAPTOP-7AR2TC63" name="Sauce.SauceLab" tests="3" failures="0" timestamp="29 Aug 2017 12:44:35 GMT" time="53.450" errors="0">
  <testcase name="testsimple" time="14.315" classname="Sauce.SauceLab"/>
  <testcase name="testsimple" time="20.662" classname="Sauce.SauceLab"/>
  <testcase name="testsimple" time="18.473" classname="Sauce.SauceLab"/>
</testsuite> <!-- Sauce.SauceLab -->
