<?xml version="1.0" encoding="UTF-8"?>
<!-- Generated by org.testng.reporters.JUnitReportReporter -->
<testsuite skipped="1" hostname="LAPTOP-7AR2TC63" name="stack.ParallelTestUsingBrowserStack" tests="1" failures="0" timestamp="05 May 2017 13:13:38 GMT" time="0.000" errors="0">
  <testcase name="testsimple" time="0.000" classname="stack.ParallelTestUsingBrowserStack">
    <skipped/>
  </testcase> <!-- testsimple -->
</testsuite> <!-- stack.ParallelTestUsingBrowserStack -->
